2024-10-01 12:08:35 INFO            _                _                      
2024-10-01 12:08:35 INFO           / \   ___ ___ ___| | ___ _ __ __ _ _   _ 
2024-10-01 12:08:35 INFO          / _ \ / __/ __/ _ \ |/ _ \ '__/ _` | | | |
2024-10-01 12:08:35 INFO         / ___ \ (_| (_|  __/ |  __/ | | (_| | |_| |
2024-10-01 12:08:35 INFO        /_/   \_\___\___\___|_|\___|_|  \__, |\__, |
2024-10-01 12:08:35 INFO                                        |___/ |___/ 
2024-10-01 12:08:35 INFO        generating outputs according to the following specified output flags... 
2024-10-01 12:08:35 INFO         Please use the -f flag to update the preference (default to all output files)
2024-10-01 12:08:35 INFO        {'ERT': 1, 'ERT_summary': 1, 'ART': 1, 'ART_summary': 1, 'energy_estimation': 1, 'flattened_arch': 1}
2024-10-01 12:08:35 INFO        Located config file at /root/.config/accelergy/accelergy_config.yaml.
2024-10-01 12:08:35 INFO        config file located:
2024-10-01 12:08:35 INFO        /root/.config/accelergy/accelergy_config.yaml
2024-10-01 12:08:35 WARNING     File /root/.config/accelergy/accelergy_config.yaml is outdated. File version is 0.2, while the latest version is 0.4. 
2024-10-01 12:08:35 WARNING      Please update the file to the latest version.
2024-10-01 12:08:35 INFO        Parsing file /root/project/Soter/tmp/out_config_12:08:20/pool-0/arch.yaml for architecture info
2024-10-01 12:08:35 WARNING     File /root/project/Soter/tmp/out_config_12:08:20/pool-0/arch.yaml is outdated. File version is 0.2, while the latest version is 0.4. 
2024-10-01 12:08:35 WARNING      Please update the file to the latest version.
2024-10-01 12:08:35 WARNING     Evaluation of "40nm" failed.
2024-10-01 12:08:35 WARNING     Failed to evaluate: 40nm
2024-10-01 12:08:35 WARNING     Location: arch attribute "technology"
2024-10-01 12:08:35 WARNING     Problem encountered: SyntaxError: unexpected EOF while parsing (<string>, line 1)
2024-10-01 12:08:35 WARNING     Available bindings: 
2024-10-01 12:08:35 WARNING     	global_cycle_seconds = 1e-09
2024-10-01 12:08:35 WARNING     Failed to evaluate: 40nm
2024-10-01 12:08:35 WARNING     Location: arch attribute "technology"
2024-10-01 12:08:35 WARNING     Problem encountered: SyntaxError: unexpected EOF while parsing (<string>, line 1)
2024-10-01 12:08:35 WARNING     Please ensure that the expression used is a valid Python expression.
2024-10-01 12:08:35 WARNING     The following may have been used in the expression:
2024-10-01 12:08:35 WARNING     	nm = UNDEFINED
2024-10-01 12:08:35 WARNING     Strings are allowed here. If you meant to enter a string, please wrap the
2024-10-01 12:08:35 WARNING     expression in single or double quotes:
2024-10-01 12:08:35 WARNING         Found expression: 40nm
2024-10-01 12:08:35 WARNING         Expression as valid string: "40nm"
2024-10-01 12:08:35 WARNING     Expression will be treated as a string. This will be deprecated in version
2024-10-01 12:08:35 WARNING     0.4. Please wrap quotes around the expression to specify a string.
2024-10-01 12:08:35 WARNING     Evaluation of "40nm" failed.
2024-10-01 12:08:35 WARNING     Failed to evaluate: 40nm
2024-10-01 12:08:35 WARNING     Location: arch attribute "technology"
2024-10-01 12:08:35 WARNING     Problem encountered: SyntaxError: unexpected EOF while parsing (<string>, line 1)
2024-10-01 12:08:35 WARNING     Available bindings: 
2024-10-01 12:08:35 WARNING     	global_cycle_seconds = 1e-09
2024-10-01 12:08:35 WARNING     Failed to evaluate: 40nm
2024-10-01 12:08:35 WARNING     Location: arch attribute "technology"
2024-10-01 12:08:35 WARNING     Problem encountered: SyntaxError: unexpected EOF while parsing (<string>, line 1)
2024-10-01 12:08:35 WARNING     Please ensure that the expression used is a valid Python expression.
2024-10-01 12:08:35 WARNING     The following may have been used in the expression:
2024-10-01 12:08:35 WARNING     	nm = UNDEFINED
2024-10-01 12:08:35 WARNING     Strings are allowed here. If you meant to enter a string, please wrap the
2024-10-01 12:08:35 WARNING     expression in single or double quotes:
2024-10-01 12:08:35 WARNING         Found expression: 40nm
2024-10-01 12:08:35 WARNING         Expression as valid string: "40nm"
2024-10-01 12:08:35 WARNING     Expression will be treated as a string. This will be deprecated in version
2024-10-01 12:08:35 WARNING     0.4. Please wrap quotes around the expression to specify a string.
2024-10-01 12:08:35 WARNING     Evaluation of "40nm" failed.
2024-10-01 12:08:35 WARNING     Failed to evaluate: 40nm
2024-10-01 12:08:35 WARNING     Location: arch attribute "technology"
2024-10-01 12:08:35 WARNING     Problem encountered: SyntaxError: unexpected EOF while parsing (<string>, line 1)
2024-10-01 12:08:35 WARNING     Available bindings: 
2024-10-01 12:08:35 WARNING     	block-size = 4
2024-10-01 12:08:35 WARNING     	cluster_size = 1
2024-10-01 12:08:35 WARNING     	depth = 2048
2024-10-01 12:08:35 WARNING     	num-banks = 1
2024-10-01 12:08:35 WARNING     	num-ports = 2
2024-10-01 12:08:35 WARNING     	read_bandwidth = 2
2024-10-01 12:08:35 WARNING     	width = 32
2024-10-01 12:08:35 WARNING     	word-bits = 8
2024-10-01 12:08:35 WARNING     	write_bandwidth = 2
2024-10-01 12:08:35 WARNING     	global_cycle_seconds = 1e-09
2024-10-01 12:08:35 WARNING     Failed to evaluate: 40nm
2024-10-01 12:08:35 WARNING     Location: arch attribute "technology"
2024-10-01 12:08:35 WARNING     Problem encountered: SyntaxError: unexpected EOF while parsing (<string>, line 1)
2024-10-01 12:08:35 WARNING     Please ensure that the expression used is a valid Python expression.
2024-10-01 12:08:35 WARNING     The following may have been used in the expression:
2024-10-01 12:08:35 WARNING     	nm = UNDEFINED
2024-10-01 12:08:35 WARNING     Strings are allowed here. If you meant to enter a string, please wrap the
2024-10-01 12:08:35 WARNING     expression in single or double quotes:
2024-10-01 12:08:35 WARNING         Found expression: 40nm
2024-10-01 12:08:35 WARNING         Expression as valid string: "40nm"
2024-10-01 12:08:35 WARNING     Expression will be treated as a string. This will be deprecated in version
2024-10-01 12:08:35 WARNING     0.4. Please wrap quotes around the expression to specify a string.
2024-10-01 12:08:35 WARNING     Evaluation of "40nm" failed.
2024-10-01 12:08:35 WARNING     Failed to evaluate: 40nm
2024-10-01 12:08:35 WARNING     Location: arch attribute "technology"
2024-10-01 12:08:35 WARNING     Problem encountered: SyntaxError: unexpected EOF while parsing (<string>, line 1)
2024-10-01 12:08:35 WARNING     Available bindings: 
2024-10-01 12:08:35 WARNING     	block-size = 4
2024-10-01 12:08:35 WARNING     	cluster_size = 1
2024-10-01 12:08:35 WARNING     	depth = 8192
2024-10-01 12:08:35 WARNING     	num-banks = 8
2024-10-01 12:08:35 WARNING     	num-ports = 1
2024-10-01 12:08:35 WARNING     	read_bandwidth = 2
2024-10-01 12:08:35 WARNING     	width = 32
2024-10-01 12:08:35 WARNING     	word-bits = 8
2024-10-01 12:08:35 WARNING     	write_bandwidth = 2
2024-10-01 12:08:35 WARNING     	global_cycle_seconds = 1e-09
2024-10-01 12:08:35 WARNING     Failed to evaluate: 40nm
2024-10-01 12:08:35 WARNING     Location: arch attribute "technology"
2024-10-01 12:08:35 WARNING     Problem encountered: SyntaxError: unexpected EOF while parsing (<string>, line 1)
2024-10-01 12:08:35 WARNING     Please ensure that the expression used is a valid Python expression.
2024-10-01 12:08:35 WARNING     The following may have been used in the expression:
2024-10-01 12:08:35 WARNING     	nm = UNDEFINED
2024-10-01 12:08:35 WARNING     Strings are allowed here. If you meant to enter a string, please wrap the
2024-10-01 12:08:35 WARNING     expression in single or double quotes:
2024-10-01 12:08:35 WARNING         Found expression: 40nm
2024-10-01 12:08:35 WARNING         Expression as valid string: "40nm"
2024-10-01 12:08:35 WARNING     Expression will be treated as a string. This will be deprecated in version
2024-10-01 12:08:35 WARNING     0.4. Please wrap quotes around the expression to specify a string.
2024-10-01 12:08:35 WARNING     Evaluation of "40nm" failed.
2024-10-01 12:08:35 WARNING     Failed to evaluate: 40nm
2024-10-01 12:08:35 WARNING     Location: arch attribute "technology"
2024-10-01 12:08:35 WARNING     Problem encountered: SyntaxError: unexpected EOF while parsing (<string>, line 1)
2024-10-01 12:08:35 WARNING     Available bindings: 
2024-10-01 12:08:35 WARNING     	block-size = 4
2024-10-01 12:08:35 WARNING     	cluster_size = 1
2024-10-01 12:08:35 WARNING     	depth = 768
2024-10-01 12:08:35 WARNING     	network-word-bits = 16
2024-10-01 12:08:35 WARNING     	num-banks = 2
2024-10-01 12:08:35 WARNING     	num-ports = 2
2024-10-01 12:08:35 WARNING     	read_bandwidth = 2
2024-10-01 12:08:35 WARNING     	width = 96
2024-10-01 12:08:35 WARNING     	word-bits = 24
2024-10-01 12:08:35 WARNING     	write_bandwidth = 2
2024-10-01 12:08:35 WARNING     	global_cycle_seconds = 1e-09
2024-10-01 12:08:35 WARNING     Failed to evaluate: 40nm
2024-10-01 12:08:35 WARNING     Location: arch attribute "technology"
2024-10-01 12:08:35 WARNING     Problem encountered: SyntaxError: unexpected EOF while parsing (<string>, line 1)
2024-10-01 12:08:35 WARNING     Please ensure that the expression used is a valid Python expression.
2024-10-01 12:08:35 WARNING     The following may have been used in the expression:
2024-10-01 12:08:35 WARNING     	nm = UNDEFINED
2024-10-01 12:08:35 WARNING     Strings are allowed here. If you meant to enter a string, please wrap the
2024-10-01 12:08:35 WARNING     expression in single or double quotes:
2024-10-01 12:08:35 WARNING         Found expression: 40nm
2024-10-01 12:08:35 WARNING         Expression as valid string: "40nm"
2024-10-01 12:08:35 WARNING     Expression will be treated as a string. This will be deprecated in version
2024-10-01 12:08:35 WARNING     0.4. Please wrap quotes around the expression to specify a string.
2024-10-01 12:08:35 WARNING     Evaluation of "40nm" failed.
2024-10-01 12:08:35 WARNING     Failed to evaluate: 40nm
2024-10-01 12:08:35 WARNING     Location: arch attribute "technology"
2024-10-01 12:08:35 WARNING     Problem encountered: SyntaxError: unexpected EOF while parsing (<string>, line 1)
2024-10-01 12:08:35 WARNING     Available bindings: 
2024-10-01 12:08:35 WARNING     	block-size = 1
2024-10-01 12:08:35 WARNING     	cluster_size = 1
2024-10-01 12:08:35 WARNING     	depth = 1
2024-10-01 12:08:35 WARNING     	num-banks = 8
2024-10-01 12:08:35 WARNING     	num-ports = 2
2024-10-01 12:08:35 WARNING     	read_bandwidth = 2
2024-10-01 12:08:35 WARNING     	width = 8
2024-10-01 12:08:35 WARNING     	word-bits = 8
2024-10-01 12:08:35 WARNING     	write_bandwidth = 2
2024-10-01 12:08:35 WARNING     	global_cycle_seconds = 1e-09
2024-10-01 12:08:35 WARNING     Failed to evaluate: 40nm
2024-10-01 12:08:35 WARNING     Location: arch attribute "technology"
2024-10-01 12:08:35 WARNING     Problem encountered: SyntaxError: unexpected EOF while parsing (<string>, line 1)
2024-10-01 12:08:35 WARNING     Please ensure that the expression used is a valid Python expression.
2024-10-01 12:08:35 WARNING     The following may have been used in the expression:
2024-10-01 12:08:35 WARNING     	nm = UNDEFINED
2024-10-01 12:08:35 WARNING     Strings are allowed here. If you meant to enter a string, please wrap the
2024-10-01 12:08:35 WARNING     expression in single or double quotes:
2024-10-01 12:08:35 WARNING         Found expression: 40nm
2024-10-01 12:08:35 WARNING         Expression as valid string: "40nm"
2024-10-01 12:08:35 WARNING     Expression will be treated as a string. This will be deprecated in version
2024-10-01 12:08:35 WARNING     0.4. Please wrap quotes around the expression to specify a string.
2024-10-01 12:08:35 WARNING     Evaluation of "40nm" failed.
2024-10-01 12:08:35 WARNING     Failed to evaluate: 40nm
2024-10-01 12:08:35 WARNING     Location: arch attribute "technology"
2024-10-01 12:08:35 WARNING     Problem encountered: SyntaxError: unexpected EOF while parsing (<string>, line 1)
2024-10-01 12:08:35 WARNING     Available bindings: 
2024-10-01 12:08:35 WARNING     	cluster_size = 1
2024-10-01 12:08:35 WARNING     	word-bits = 8
2024-10-01 12:08:35 WARNING     	global_cycle_seconds = 1e-09
2024-10-01 12:08:35 WARNING     Failed to evaluate: 40nm
2024-10-01 12:08:35 WARNING     Location: arch attribute "technology"
2024-10-01 12:08:35 WARNING     Problem encountered: SyntaxError: unexpected EOF while parsing (<string>, line 1)
2024-10-01 12:08:35 WARNING     Please ensure that the expression used is a valid Python expression.
2024-10-01 12:08:35 WARNING     The following may have been used in the expression:
2024-10-01 12:08:35 WARNING     	nm = UNDEFINED
2024-10-01 12:08:35 WARNING     Strings are allowed here. If you meant to enter a string, please wrap the
2024-10-01 12:08:35 WARNING     expression in single or double quotes:
2024-10-01 12:08:35 WARNING         Found expression: 40nm
2024-10-01 12:08:35 WARNING         Expression as valid string: "40nm"
2024-10-01 12:08:35 WARNING     Expression will be treated as a string. This will be deprecated in version
2024-10-01 12:08:35 WARNING     0.4. Please wrap quotes around the expression to specify a string.
2024-10-01 12:08:35 WARNING     Evaluation of "40nm" failed.
2024-10-01 12:08:35 WARNING     Failed to evaluate: 40nm
2024-10-01 12:08:35 WARNING     Location: arch attribute "technology"
2024-10-01 12:08:35 WARNING     Problem encountered: SyntaxError: unexpected EOF while parsing (<string>, line 1)
2024-10-01 12:08:35 WARNING     Available bindings: 
2024-10-01 12:08:35 WARNING     	block-size = 8
2024-10-01 12:08:35 WARNING     	cluster_size = 1
2024-10-01 12:08:35 WARNING     	depth = 8192
2024-10-01 12:08:35 WARNING     	num-banks = 256
2024-10-01 12:08:35 WARNING     	num-ports = 2
2024-10-01 12:08:35 WARNING     	read_bandwidth = 2
2024-10-01 12:08:35 WARNING     	width = 64
2024-10-01 12:08:35 WARNING     	word-bits = 8
2024-10-01 12:08:35 WARNING     	write_bandwidth = 2
2024-10-01 12:08:35 WARNING     	global_cycle_seconds = 1e-09
2024-10-01 12:08:35 WARNING     Failed to evaluate: 40nm
2024-10-01 12:08:35 WARNING     Location: arch attribute "technology"
2024-10-01 12:08:35 WARNING     Problem encountered: SyntaxError: unexpected EOF while parsing (<string>, line 1)
2024-10-01 12:08:35 WARNING     Please ensure that the expression used is a valid Python expression.
2024-10-01 12:08:35 WARNING     The following may have been used in the expression:
2024-10-01 12:08:35 WARNING     	nm = UNDEFINED
2024-10-01 12:08:35 WARNING     Strings are allowed here. If you meant to enter a string, please wrap the
2024-10-01 12:08:35 WARNING     expression in single or double quotes:
2024-10-01 12:08:35 WARNING         Found expression: 40nm
2024-10-01 12:08:35 WARNING         Expression as valid string: "40nm"
2024-10-01 12:08:35 WARNING     Expression will be treated as a string. This will be deprecated in version
2024-10-01 12:08:35 WARNING     0.4. Please wrap quotes around the expression to specify a string.
2024-10-01 12:08:35 WARNING     No compound component classes specified, architecture can only contain primitive components
2024-10-01 12:08:35 WARNING     Evaluation of "40nm" failed.
2024-10-01 12:08:35 WARNING     Failed to evaluate: 40nm
2024-10-01 12:08:35 WARNING     Location: Architecture class regfile attributes"technology"
2024-10-01 12:08:35 WARNING     Problem encountered: SyntaxError: unexpected EOF while parsing (<string>, line 1)
2024-10-01 12:08:35 WARNING     Available bindings: 
2024-10-01 12:08:35 WARNING     	block-size = 4
2024-10-01 12:08:35 WARNING     	cluster_size = 1
2024-10-01 12:08:35 WARNING     	depth = 2048
2024-10-01 12:08:35 WARNING     	num-banks = 1
2024-10-01 12:08:35 WARNING     	num-ports = 2
2024-10-01 12:08:35 WARNING     	read_bandwidth = 2
2024-10-01 12:08:35 WARNING     	width = 32
2024-10-01 12:08:35 WARNING     	word-bits = 8
2024-10-01 12:08:35 WARNING     	write_bandwidth = 2
2024-10-01 12:08:35 WARNING     	global_cycle_seconds = 1e-09
2024-10-01 12:08:35 WARNING     Failed to evaluate: 40nm
2024-10-01 12:08:35 WARNING     Location: Architecture class regfile attributes"technology"
2024-10-01 12:08:35 WARNING     Problem encountered: SyntaxError: unexpected EOF while parsing (<string>, line 1)
2024-10-01 12:08:35 WARNING     Please ensure that the expression used is a valid Python expression.
2024-10-01 12:08:35 WARNING     The following may have been used in the expression:
2024-10-01 12:08:35 WARNING     	nm = UNDEFINED
2024-10-01 12:08:35 WARNING     Strings are allowed here. If you meant to enter a string, please wrap the
2024-10-01 12:08:35 WARNING     expression in single or double quotes:
2024-10-01 12:08:35 WARNING         Found expression: 40nm
2024-10-01 12:08:35 WARNING         Expression as valid string: "40nm"
2024-10-01 12:08:35 WARNING     Expression will be treated as a string. This will be deprecated in version
2024-10-01 12:08:35 WARNING     0.4. Please wrap quotes around the expression to specify a string.
2024-10-01 12:08:35 WARNING     Evaluation of "40nm" failed.
2024-10-01 12:08:35 WARNING     Failed to evaluate: 40nm
2024-10-01 12:08:35 WARNING     Location: Architecture class regfile attributes"technology"
2024-10-01 12:08:35 WARNING     Problem encountered: SyntaxError: unexpected EOF while parsing (<string>, line 1)
2024-10-01 12:08:35 WARNING     Available bindings: 
2024-10-01 12:08:35 WARNING     	block-size = 4
2024-10-01 12:08:35 WARNING     	cluster_size = 1
2024-10-01 12:08:35 WARNING     	depth = 8192
2024-10-01 12:08:35 WARNING     	num-banks = 8
2024-10-01 12:08:35 WARNING     	num-ports = 1
2024-10-01 12:08:35 WARNING     	read_bandwidth = 2
2024-10-01 12:08:35 WARNING     	width = 32
2024-10-01 12:08:35 WARNING     	word-bits = 8
2024-10-01 12:08:35 WARNING     	write_bandwidth = 2
2024-10-01 12:08:35 WARNING     	global_cycle_seconds = 1e-09
2024-10-01 12:08:35 WARNING     Failed to evaluate: 40nm
2024-10-01 12:08:35 WARNING     Location: Architecture class regfile attributes"technology"
2024-10-01 12:08:35 WARNING     Problem encountered: SyntaxError: unexpected EOF while parsing (<string>, line 1)
2024-10-01 12:08:35 WARNING     Please ensure that the expression used is a valid Python expression.
2024-10-01 12:08:35 WARNING     The following may have been used in the expression:
2024-10-01 12:08:35 WARNING     	nm = UNDEFINED
2024-10-01 12:08:35 WARNING     Strings are allowed here. If you meant to enter a string, please wrap the
2024-10-01 12:08:35 WARNING     expression in single or double quotes:
2024-10-01 12:08:35 WARNING         Found expression: 40nm
2024-10-01 12:08:35 WARNING         Expression as valid string: "40nm"
2024-10-01 12:08:35 WARNING     Expression will be treated as a string. This will be deprecated in version
2024-10-01 12:08:35 WARNING     0.4. Please wrap quotes around the expression to specify a string.
2024-10-01 12:08:35 WARNING     Evaluation of "40nm" failed.
2024-10-01 12:08:35 WARNING     Failed to evaluate: 40nm
2024-10-01 12:08:35 WARNING     Location: Architecture class regfile attributes"technology"
2024-10-01 12:08:35 WARNING     Problem encountered: SyntaxError: unexpected EOF while parsing (<string>, line 1)
2024-10-01 12:08:35 WARNING     Available bindings: 
2024-10-01 12:08:35 WARNING     	block-size = 4
2024-10-01 12:08:35 WARNING     	cluster_size = 1
2024-10-01 12:08:35 WARNING     	depth = 768
2024-10-01 12:08:35 WARNING     	network-word-bits = 16
2024-10-01 12:08:35 WARNING     	num-banks = 2
2024-10-01 12:08:35 WARNING     	num-ports = 2
2024-10-01 12:08:35 WARNING     	read_bandwidth = 2
2024-10-01 12:08:35 WARNING     	width = 96
2024-10-01 12:08:35 WARNING     	word-bits = 24
2024-10-01 12:08:35 WARNING     	write_bandwidth = 2
2024-10-01 12:08:35 WARNING     	global_cycle_seconds = 1e-09
2024-10-01 12:08:35 WARNING     Failed to evaluate: 40nm
2024-10-01 12:08:35 WARNING     Location: Architecture class regfile attributes"technology"
2024-10-01 12:08:35 WARNING     Problem encountered: SyntaxError: unexpected EOF while parsing (<string>, line 1)
2024-10-01 12:08:35 WARNING     Please ensure that the expression used is a valid Python expression.
2024-10-01 12:08:35 WARNING     The following may have been used in the expression:
2024-10-01 12:08:35 WARNING     	nm = UNDEFINED
2024-10-01 12:08:35 WARNING     Strings are allowed here. If you meant to enter a string, please wrap the
2024-10-01 12:08:35 WARNING     expression in single or double quotes:
2024-10-01 12:08:35 WARNING         Found expression: 40nm
2024-10-01 12:08:35 WARNING         Expression as valid string: "40nm"
2024-10-01 12:08:35 WARNING     Expression will be treated as a string. This will be deprecated in version
2024-10-01 12:08:35 WARNING     0.4. Please wrap quotes around the expression to specify a string.
2024-10-01 12:08:35 WARNING     Evaluation of "40nm" failed.
2024-10-01 12:08:35 WARNING     Failed to evaluate: 40nm
2024-10-01 12:08:35 WARNING     Location: Architecture class regfile attributes"technology"
2024-10-01 12:08:35 WARNING     Problem encountered: SyntaxError: unexpected EOF while parsing (<string>, line 1)
2024-10-01 12:08:35 WARNING     Available bindings: 
2024-10-01 12:08:35 WARNING     	block-size = 1
2024-10-01 12:08:35 WARNING     	cluster_size = 1
2024-10-01 12:08:35 WARNING     	depth = 1
2024-10-01 12:08:35 WARNING     	num-banks = 8
2024-10-01 12:08:35 WARNING     	num-ports = 2
2024-10-01 12:08:35 WARNING     	read_bandwidth = 2
2024-10-01 12:08:35 WARNING     	width = 8
2024-10-01 12:08:35 WARNING     	word-bits = 8
2024-10-01 12:08:35 WARNING     	write_bandwidth = 2
2024-10-01 12:08:35 WARNING     	global_cycle_seconds = 1e-09
2024-10-01 12:08:35 WARNING     Failed to evaluate: 40nm
2024-10-01 12:08:35 WARNING     Location: Architecture class regfile attributes"technology"
2024-10-01 12:08:35 WARNING     Problem encountered: SyntaxError: unexpected EOF while parsing (<string>, line 1)
2024-10-01 12:08:35 WARNING     Please ensure that the expression used is a valid Python expression.
2024-10-01 12:08:35 WARNING     The following may have been used in the expression:
2024-10-01 12:08:35 WARNING     	nm = UNDEFINED
2024-10-01 12:08:35 WARNING     Strings are allowed here. If you meant to enter a string, please wrap the
2024-10-01 12:08:35 WARNING     expression in single or double quotes:
2024-10-01 12:08:35 WARNING         Found expression: 40nm
2024-10-01 12:08:35 WARNING         Expression as valid string: "40nm"
2024-10-01 12:08:35 WARNING     Expression will be treated as a string. This will be deprecated in version
2024-10-01 12:08:35 WARNING     0.4. Please wrap quotes around the expression to specify a string.
2024-10-01 12:08:35 WARNING     Evaluation of "40nm" failed.
2024-10-01 12:08:35 WARNING     Failed to evaluate: 40nm
2024-10-01 12:08:35 WARNING     Location: Architecture class intmac attributes"technology"
2024-10-01 12:08:35 WARNING     Problem encountered: SyntaxError: unexpected EOF while parsing (<string>, line 1)
2024-10-01 12:08:35 WARNING     Available bindings: 
2024-10-01 12:08:35 WARNING     	cluster_size = 1
2024-10-01 12:08:35 WARNING     	word-bits = 8
2024-10-01 12:08:35 WARNING     	global_cycle_seconds = 1e-09
2024-10-01 12:08:35 WARNING     Failed to evaluate: 40nm
2024-10-01 12:08:35 WARNING     Location: Architecture class intmac attributes"technology"
2024-10-01 12:08:35 WARNING     Problem encountered: SyntaxError: unexpected EOF while parsing (<string>, line 1)
2024-10-01 12:08:35 WARNING     Please ensure that the expression used is a valid Python expression.
2024-10-01 12:08:35 WARNING     The following may have been used in the expression:
2024-10-01 12:08:35 WARNING     	nm = UNDEFINED
2024-10-01 12:08:35 WARNING     Strings are allowed here. If you meant to enter a string, please wrap the
2024-10-01 12:08:35 WARNING     expression in single or double quotes:
2024-10-01 12:08:35 WARNING         Found expression: 40nm
2024-10-01 12:08:35 WARNING         Expression as valid string: "40nm"
2024-10-01 12:08:35 WARNING     Expression will be treated as a string. This will be deprecated in version
2024-10-01 12:08:35 WARNING     0.4. Please wrap quotes around the expression to specify a string.
2024-10-01 12:08:35 WARNING     Evaluation of "40nm" failed.
2024-10-01 12:08:35 WARNING     Failed to evaluate: 40nm
2024-10-01 12:08:35 WARNING     Location: Architecture class SRAM attributes"technology"
2024-10-01 12:08:35 WARNING     Problem encountered: SyntaxError: unexpected EOF while parsing (<string>, line 1)
2024-10-01 12:08:35 WARNING     Available bindings: 
2024-10-01 12:08:35 WARNING     	block-size = 8
2024-10-01 12:08:35 WARNING     	cluster_size = 1
2024-10-01 12:08:35 WARNING     	depth = 8192
2024-10-01 12:08:35 WARNING     	num-banks = 256
2024-10-01 12:08:35 WARNING     	num-ports = 2
2024-10-01 12:08:35 WARNING     	read_bandwidth = 2
2024-10-01 12:08:35 WARNING     	width = 64
2024-10-01 12:08:35 WARNING     	word-bits = 8
2024-10-01 12:08:35 WARNING     	write_bandwidth = 2
2024-10-01 12:08:35 WARNING     	global_cycle_seconds = 1e-09
2024-10-01 12:08:35 WARNING     Failed to evaluate: 40nm
2024-10-01 12:08:35 WARNING     Location: Architecture class SRAM attributes"technology"
2024-10-01 12:08:35 WARNING     Problem encountered: SyntaxError: unexpected EOF while parsing (<string>, line 1)
2024-10-01 12:08:35 WARNING     Please ensure that the expression used is a valid Python expression.
2024-10-01 12:08:35 WARNING     The following may have been used in the expression:
2024-10-01 12:08:35 WARNING     	nm = UNDEFINED
2024-10-01 12:08:35 WARNING     Strings are allowed here. If you meant to enter a string, please wrap the
2024-10-01 12:08:35 WARNING     expression in single or double quotes:
2024-10-01 12:08:35 WARNING         Found expression: 40nm
2024-10-01 12:08:35 WARNING         Expression as valid string: "40nm"
2024-10-01 12:08:35 WARNING     Expression will be treated as a string. This will be deprecated in version
2024-10-01 12:08:35 WARNING     0.4. Please wrap quotes around the expression to specify a string.
2024-10-01 12:08:35 INFO        Estimator plug-in identified by: /root/anaconda3/envs/accelergy/share/accelergy/estimation_plug_ins/accelergy-cacti-plug-in/cacti.estimator.yaml
2024-10-01 12:08:35 INFO        Estimator plug-in identified by: /root/anaconda3/envs/accelergy/share/accelergy/estimation_plug_ins/accelergy-neurosim-plugin/neurosim.estimator.yaml
2024-10-01 12:08:35 INFO        Estimator plug-in identified by: /root/anaconda3/envs/accelergy/share/accelergy/estimation_plug_ins/dummy_tables/dummy.estimator.yaml
2024-10-01 12:08:35 INFO        Estimator plug-in identified by: /root/anaconda3/envs/accelergy/share/accelergy/estimation_plug_ins/accelergy-aladdin-plug-in/aladdin.estimator.yaml
2024-10-01 12:08:35 INFO        Estimator plug-in identified by: /root/anaconda3/envs/accelergy/share/accelergy/estimation_plug_ins/accelergy-library-plugin/library.estimator.yaml
2024-10-01 12:08:35 INFO        Estimator plug-in identified by: /root/anaconda3/envs/accelergy/share/accelergy/estimation_plug_ins/accelergy-adc-plug-in/adc.estimator.yaml
2024-10-01 12:08:35 INFO        Estimator plug-in identified by: /root/anaconda3/envs/accelergy/share/accelergy/estimation_plug_ins/accelergy-table-based-plug-ins/table.estimator.yaml
2024-10-01 12:08:35 INFO        Getting all estimators in module <module 'python_plug_in' from '/root/anaconda3/envs/accelergy/share/accelergy/estimation_plug_ins/accelergy-cacti-plug-in/cacti_wrapper.py'>
2024-10-01 12:08:35 INFO        Added estimator CactiCache that estimates cache with actions idle, read, read_access, update, update_access, write, write_access, leak
2024-10-01 12:08:35 INFO        Added estimator CactiDRAM that estimates ['DRAM', 'dram'] with actions idle, read, update, write, leak
2024-10-01 12:08:35 INFO        Added estimator CactiSRAM that estimates ['SRAM', 'sram'] with actions idle, read, update, write, leak
2024-10-01 12:08:35 INFO        Found estimator plug-in: Neurosim Plug-In (<NeuroWrapper.NeuroWrapper object at 0x7ff4321a99a0>)
2024-10-01 12:08:35 INFO        Found estimator plug-in: dummy_table (<DummyTable.DummyTable object at 0x7ff432151760>)
2024-10-01 12:08:35 INFO        Found estimator plug-in: Aladdin_table (<AladdinTable.AladdinTable object at 0x7ff432fd25b0>)
2024-10-01 12:08:35 INFO        Found estimator plug-in: Library (<LibraryEstimator.LibraryEstimator object at 0x7ff432110850>)
2024-10-01 12:08:35 INFO        Found estimator plug-in: ADC Plug-In (<ADCEstimator.ADCEstimator object at 0x7ff432110250>)
2024-10-01 12:08:35 INFO        Found estimator plug-in: DEPRECATED table-based-plug-ins. Use the Library plug-in instead. (<SetsOfTables.SetsOfTables object at 0x7ff43280f040>)
2024-10-01 12:08:35 INFO        Found estimator plug-in: CactiCache (<accelergy.plug_in_interface.estimator_wrapper.EstimatorWrapper object at 0x7ff432010790>)
2024-10-01 12:08:35 INFO        Found estimator plug-in: CactiDRAM (<accelergy.plug_in_interface.estimator_wrapper.EstimatorWrapper object at 0x7ff4320109d0>)
2024-10-01 12:08:35 INFO        Found estimator plug-in: CactiSRAM (<accelergy.plug_in_interface.estimator_wrapper.EstimatorWrapper object at 0x7ff431f467c0>)
2024-10-01 12:08:35 WARNING     No action counts are specified as yaml input
2024-10-01 12:08:35 INFO        
2024-10-01 12:08:35 INFO        AREA ESTIMATION for regfile(block-size=4, cluster_size=1, depth=2048, num-banks=1, num-ports=2, read_bandwidth=2, width=32, word-bits=8, write_bandwidth=2, global_cycle_seconds=1e-09, technology=40nm)
2024-10-01 12:08:35 INFO        Aladdin_table estimated 49471.36u^2 with accuracy 70%. Messages:
2024-10-01 12:08:35 INFO        | Multiplying by n_instances 1
2024-10-01 12:08:35 INFO        
2024-10-01 12:08:35 INFO        AREA ESTIMATION for regfile(block-size=4, cluster_size=1, depth=8192, num-banks=8, num-ports=1, read_bandwidth=2, width=32, word-bits=8, write_bandwidth=2, global_cycle_seconds=1e-09, technology=40nm)
2024-10-01 12:08:35 INFO        Aladdin_table estimated 233151.36u^2 with accuracy 70%. Messages:
2024-10-01 12:08:35 INFO        | Multiplying by n_instances 1
2024-10-01 12:08:35 INFO        
2024-10-01 12:08:35 INFO        AREA ESTIMATION for regfile(block-size=4, cluster_size=1, depth=768, network-word-bits=16, num-banks=2, num-ports=2, read_bandwidth=2, width=96, word-bits=24, write_bandwidth=2, global_cycle_seconds=1e-09, technology=40nm)
2024-10-01 12:08:35 INFO        Aladdin_table estimated 17374.08u^2 with accuracy 70%. Messages:
2024-10-01 12:08:35 INFO        | Multiplying by n_instances 1
2024-10-01 12:08:35 INFO        
2024-10-01 12:08:35 INFO        AREA ESTIMATION for regfile(block-size=1, cluster_size=1, depth=1, num-banks=8, num-ports=2, read_bandwidth=2, width=8, word-bits=8, write_bandwidth=2, global_cycle_seconds=1e-09, technology=40nm)
2024-10-01 12:08:35 INFO        Aladdin_table estimated 47.84u^2 with accuracy 70%. Messages:
2024-10-01 12:08:35 INFO        | Multiplying by n_instances 1
2024-10-01 12:08:35 INFO        
2024-10-01 12:08:35 INFO        AREA ESTIMATION for intmac(cluster_size=1, word-bits=8, global_cycle_seconds=1e-09, technology=40nm)
2024-10-01 12:08:35 INFO        dummy_table estimated 1u^2 with accuracy 1%. Messages:
2024-10-01 12:08:35 INFO        | Multiplying by n_instances 1
2024-10-01 12:08:35 INFO        Plug-ins provided accuracy, but failed to estimate:
2024-10-01 12:08:35 INFO        | Aladdin_table with accuracy 70% estimating value: KeyError: 'width'
2024-10-01 12:08:35 INFO        
2024-10-01 12:08:35 INFO        AREA ESTIMATION for SRAM(block-size=8, cluster_size=1, depth=8192, num-banks=256, num-ports=2, read_bandwidth=2, width=64, word-bits=8, write_bandwidth=2, global_cycle_seconds=1e-09, technology=40nm)
2024-10-01 12:08:35 INFO        CactiSRAM estimated 1.7649638461538461e-07 with accuracy 80%. Messages:
2024-10-01 12:08:35 INFO        | Unused arguments (block-size, cluster_size, num-banks, num-ports, read_bandwidth, word-bits, write_bandwidth, global_cycle_seconds) provided for ['SRAM', 'sram'].__init__. Arguments used: (depth, width, technology)
2024-10-01 12:08:35 INFO        | Interpolating technology between 32 and 45.
2024-10-01 12:08:35 INFO        | Calling CACTI with cache_size=65536 n_rw_ports=1 block_size=8 tech_node_um=0.032 n_banks=1 tag_size=0 associativity=1
2024-10-01 12:08:35 INFO        | Calling CACTI with input path /root/anaconda3/envs/accelergy/share/accelergy/estimation_plug_ins/accelergy-cacti-plug-in/cacti_inputs_outputs/tmpqfu829mc
2024-10-01 12:08:35 INFO        | CACTI output will be written to /root/anaconda3/envs/accelergy/share/accelergy/estimation_plug_ins/accelergy-cacti-plug-in/cacti_inputs_outputs/tmp3xv3p48z
2024-10-01 12:08:35 INFO        | CACTI executable not found at /root/anaconda3/envs/accelergy/share/accelergy/estimation_plug_ins/accelergy-cacti-plug-in/cacti/cacti
2024-10-01 12:08:35 INFO        | Calling: cd /root/anaconda3/envs/accelergy/share/accelergy/estimation_plug_ins/accelergy-cacti-plug-in ; ./cacti -infile /root/anaconda3/envs/accelergy/share/accelergy/estimation_plug_ins/accelergy-cacti-plug-in/cacti_inputs_outputs/tmpqfu829mc >> /root/anaconda3/envs/accelergy/share/accelergy/estimation_plug_ins/accelergy-cacti-plug-in/cacti_inputs_outputs/tmp3xv3p48z 2>&1
2024-10-01 12:08:35 INFO        | Calling CACTI with cache_size=65536 n_rw_ports=1 block_size=8 tech_node_um=0.045 n_banks=1 tag_size=0 associativity=1
2024-10-01 12:08:35 INFO        | Calling CACTI with input path /root/anaconda3/envs/accelergy/share/accelergy/estimation_plug_ins/accelergy-cacti-plug-in/cacti_inputs_outputs/tmpm_s75_mc
2024-10-01 12:08:35 INFO        | CACTI output will be written to /root/anaconda3/envs/accelergy/share/accelergy/estimation_plug_ins/accelergy-cacti-plug-in/cacti_inputs_outputs/tmpxxyo6gaq
2024-10-01 12:08:35 INFO        | CACTI executable not found at /root/anaconda3/envs/accelergy/share/accelergy/estimation_plug_ins/accelergy-cacti-plug-in/cacti/cacti
2024-10-01 12:08:35 INFO        | Calling: cd /root/anaconda3/envs/accelergy/share/accelergy/estimation_plug_ins/accelergy-cacti-plug-in ; ./cacti -infile /root/anaconda3/envs/accelergy/share/accelergy/estimation_plug_ins/accelergy-cacti-plug-in/cacti_inputs_outputs/tmpm_s75_mc >> /root/anaconda3/envs/accelergy/share/accelergy/estimation_plug_ins/accelergy-cacti-plug-in/cacti_inputs_outputs/tmpxxyo6gaq 2>&1
2024-10-01 12:08:35 INFO        | Cache bandwidth: 8.0 bytes/cycle
2024-10-01 12:08:35 INFO        | Cache bandwidth: 43380328689.41353 bits/second
2024-10-01 12:08:35 INFO        | Multiplying by n_instances 1
2024-10-01 12:08:35 INFO        
2024-10-01 12:08:35 INFO        AREA ESTIMATION for DRAM(block-size=64, cluster_size=1, read_bandwidth=1, word-bits=8, write_bandwidth=1, global_cycle_seconds=1e-09)
2024-10-01 12:08:35 INFO        dummy_table estimated 1u^2 with accuracy 1%. Messages:
2024-10-01 12:08:35 INFO        | Multiplying by n_instances 1
2024-10-01 12:08:35 INFO        flattened architecture is saved to:
2024-10-01 12:08:35 INFO        ./timeloop-model.flattened_architecture.yaml
2024-10-01 12:08:35 INFO        energy reference table is saved to:
2024-10-01 12:08:35 INFO        ./timeloop-model.ERT.yaml
2024-10-01 12:08:35 INFO        energy reference table summary is saved to:
2024-10-01 12:08:35 INFO        ./timeloop-model.ERT_summary.yaml
2024-10-01 12:08:35 WARNING     no runtime energy estimations are generated... not generating energy_estimation.yaml
2024-10-01 12:08:35 INFO        area reference table is saved to:
2024-10-01 12:08:35 INFO        ./timeloop-model.ART.yaml
2024-10-01 12:08:35 INFO        area reference table summary is saved to:
2024-10-01 12:08:35 INFO        ./timeloop-model.ART_summary.yaml
